<?xml version="1.0" encoding="UTF-8"?>
<testsuite xmlns:xsi="http://www.w3.org/2001/XMLSchema-instance" xsi:noNamespaceSchemaLocation="https://maven.apache.org/surefire/maven-surefire-plugin/xsd/surefire-test-report-3.0.xsd" version="3.0" name="TestSuite" time="175.606" tests="3" errors="0" skipped="0" failures="0">
  <properties>
    <property name="sun.desktop" value="windows"/>
    <property name="awt.toolkit" value="sun.awt.windows.WToolkit"/>
    <property name="file.encoding.pkg" value="sun.io"/>
    <property name="java.specification.version" value="1.8"/>
    <property name="webdriver.chrome.driver" value="C:\Users\shankar\Documents\selenium\chromedriver.exe"/>
    <property name="sun.cpu.isalist" value="amd64"/>
    <property name="sun.jnu.encoding" value="Cp1252"/>
    <property name="java.class.path" value="C:\Users\shankar\Scratchtoend\target\test-classes;C:\Users\shankar\Scratchtoend\target\classes;C:\Users\shankar\.m2\repository\junit\junit\3.8.1\junit-3.8.1.jar;C:\Users\shankar\.m2\repository\org\seleniumhq\selenium\selenium-java\4.0.0-beta-1\selenium-java-4.0.0-beta-1.jar;C:\Users\shankar\.m2\repository\org\seleniumhq\selenium\selenium-api\4.0.0-beta-1\selenium-api-4.0.0-beta-1.jar;C:\Users\shankar\.m2\repository\org\seleniumhq\selenium\selenium-chrome-driver\4.0.0-beta-1\selenium-chrome-driver-4.0.0-beta-1.jar;C:\Users\shankar\.m2\repository\com\google\auto\service\auto-service-annotations\1.0-rc7\auto-service-annotations-1.0-rc7.jar;C:\Users\shankar\.m2\repository\com\google\auto\service\auto-service\1.0-rc7\auto-service-1.0-rc7.jar;C:\Users\shankar\.m2\repository\com\google\auto\auto-common\0.10\auto-common-0.10.jar;C:\Users\shankar\.m2\repository\com\google\guava\guava\30.1-jre\guava-30.1-jre.jar;C:\Users\shankar\.m2\repository\com\google\guava\failureaccess\1.0.1\failureaccess-1.0.1.jar;C:\Users\shankar\.m2\repository\com\google\guava\listenablefuture\9999.0-empty-to-avoid-conflict-with-guava\listenablefuture-9999.0-empty-to-avoid-conflict-with-guava.jar;C:\Users\shankar\.m2\repository\com\google\code\findbugs\jsr305\3.0.2\jsr305-3.0.2.jar;C:\Users\shankar\.m2\repository\org\checkerframework\checker-qual\3.5.0\checker-qual-3.5.0.jar;C:\Users\shankar\.m2\repository\com\google\errorprone\error_prone_annotations\2.3.4\error_prone_annotations-2.3.4.jar;C:\Users\shankar\.m2\repository\com\google\j2objc\j2objc-annotations\1.3\j2objc-annotations-1.3.jar;C:\Users\shankar\.m2\repository\org\seleniumhq\selenium\selenium-chromium-driver\4.0.0-beta-1\selenium-chromium-driver-4.0.0-beta-1.jar;C:\Users\shankar\.m2\repository\org\seleniumhq\selenium\selenium-devtools\4.0.0-beta-1\selenium-devtools-4.0.0-beta-1.jar;C:\Users\shankar\.m2\repository\org\seleniumhq\selenium\selenium-http\4.0.0-beta-1\selenium-http-4.0.0-beta-1.jar;C:\Users\shankar\.m2\repository\org\seleniumhq\selenium\selenium-json\4.0.0-beta-1\selenium-json-4.0.0-beta-1.jar;C:\Users\shankar\.m2\repository\org\seleniumhq\selenium\selenium-devtools-v86\4.0.0-beta-1\selenium-devtools-v86-4.0.0-beta-1.jar;C:\Users\shankar\.m2\repository\org\seleniumhq\selenium\selenium-devtools-v87\4.0.0-beta-1\selenium-devtools-v87-4.0.0-beta-1.jar;C:\Users\shankar\.m2\repository\org\seleniumhq\selenium\selenium-devtools-v88\4.0.0-beta-1\selenium-devtools-v88-4.0.0-beta-1.jar;C:\Users\shankar\.m2\repository\org\seleniumhq\selenium\selenium-devtools-v89\4.0.0-beta-1\selenium-devtools-v89-4.0.0-beta-1.jar;C:\Users\shankar\.m2\repository\org\seleniumhq\selenium\selenium-edge-driver\4.0.0-beta-1\selenium-edge-driver-4.0.0-beta-1.jar;C:\Users\shankar\.m2\repository\org\seleniumhq\selenium\selenium-firefox-driver\4.0.0-beta-1\selenium-firefox-driver-4.0.0-beta-1.jar;C:\Users\shankar\.m2\repository\org\seleniumhq\selenium\selenium-firefox-xpi-driver\4.0.0-beta-1\selenium-firefox-xpi-driver-4.0.0-beta-1.jar;C:\Users\shankar\.m2\repository\org\seleniumhq\selenium\selenium-ie-driver\4.0.0-beta-1\selenium-ie-driver-4.0.0-beta-1.jar;C:\Users\shankar\.m2\repository\org\seleniumhq\selenium\selenium-opera-driver\4.0.0-beta-1\selenium-opera-driver-4.0.0-beta-1.jar;C:\Users\shankar\.m2\repository\org\seleniumhq\selenium\selenium-remote-driver\4.0.0-beta-1\selenium-remote-driver-4.0.0-beta-1.jar;C:\Users\shankar\.m2\repository\io\netty\netty-buffer\4.1.58.Final\netty-buffer-4.1.58.Final.jar;C:\Users\shankar\.m2\repository\io\netty\netty-codec-http\4.1.58.Final\netty-codec-http-4.1.58.Final.jar;C:\Users\shankar\.m2\repository\io\netty\netty-codec\4.1.58.Final\netty-codec-4.1.58.Final.jar;C:\Users\shankar\.m2\repository\io\netty\netty-handler\4.1.58.Final\netty-handler-4.1.58.Final.jar;C:\Users\shankar\.m2\repository\io\netty\netty-common\4.1.58.Final\netty-common-4.1.58.Final.jar;C:\Users\shankar\.m2\repository\io\netty\netty-transport-native-epoll\4.1.58.Final\netty-transport-native-epoll-4.1.58.Final.jar;C:\Users\shankar\.m2\repository\io\netty\netty-transport-native-kqueue\4.1.58.Final\netty-transport-native-kqueue-4.1.58.Final.jar;C:\Users\shankar\.m2\repository\io\netty\netty-transport-native-unix-common\4.1.58.Final\netty-transport-native-unix-common-4.1.58.Final.jar;C:\Users\shankar\.m2\repository\io\netty\netty-transport\4.1.58.Final\netty-transport-4.1.58.Final.jar;C:\Users\shankar\.m2\repository\io\netty\netty-resolver\4.1.58.Final\netty-resolver-4.1.58.Final.jar;C:\Users\shankar\.m2\repository\io\opentelemetry\opentelemetry-api\0.14.1\opentelemetry-api-0.14.1.jar;C:\Users\shankar\.m2\repository\io\opentelemetry\opentelemetry-context\0.14.1\opentelemetry-context-0.14.1.jar;C:\Users\shankar\.m2\repository\io\opentelemetry\opentelemetry-exporter-logging\0.14.1\opentelemetry-exporter-logging-0.14.1.jar;C:\Users\shankar\.m2\repository\io\opentelemetry\opentelemetry-sdk-metrics\0.14.1-alpha\opentelemetry-sdk-metrics-0.14.1-alpha.jar;C:\Users\shankar\.m2\repository\io\opentelemetry\opentelemetry-sdk-common\0.14.1\opentelemetry-sdk-common-0.14.1.jar;C:\Users\shankar\.m2\repository\io\opentelemetry\opentelemetry-sdk-trace\0.14.1\opentelemetry-sdk-trace-0.14.1.jar;C:\Users\shankar\.m2\repository\io\opentelemetry\opentelemetry-api-metrics\0.14.1-alpha\opentelemetry-api-metrics-0.14.1-alpha.jar;C:\Users\shankar\.m2\repository\io\opentelemetry\opentelemetry-sdk\0.14.1\opentelemetry-sdk-0.14.1.jar;C:\Users\shankar\.m2\repository\io\opentelemetry\opentelemetry-semconv\0.14.1\opentelemetry-semconv-0.14.1.jar;C:\Users\shankar\.m2\repository\net\bytebuddy\byte-buddy\1.10.19\byte-buddy-1.10.19.jar;C:\Users\shankar\.m2\repository\org\apache\commons\commons-exec\1.3\commons-exec-1.3.jar;C:\Users\shankar\.m2\repository\org\asynchttpclient\async-http-client\2.12.2\async-http-client-2.12.2.jar;C:\Users\shankar\.m2\repository\org\asynchttpclient\async-http-client-netty-utils\2.12.2\async-http-client-netty-utils-2.12.2.jar;C:\Users\shankar\.m2\repository\io\netty\netty-codec-socks\4.1.53.Final\netty-codec-socks-4.1.53.Final.jar;C:\Users\shankar\.m2\repository\io\netty\netty-handler-proxy\4.1.53.Final\netty-handler-proxy-4.1.53.Final.jar;C:\Users\shankar\.m2\repository\io\netty\netty-transport-native-epoll\4.1.53.Final\netty-transport-native-epoll-4.1.53.Final-linux-x86_64.jar;C:\Users\shankar\.m2\repository\io\netty\netty-transport-native-kqueue\4.1.53.Final\netty-transport-native-kqueue-4.1.53.Final-osx-x86_64.jar;C:\Users\shankar\.m2\repository\org\reactivestreams\reactive-streams\1.0.3\reactive-streams-1.0.3.jar;C:\Users\shankar\.m2\repository\com\typesafe\netty\netty-reactive-streams\2.0.4\netty-reactive-streams-2.0.4.jar;C:\Users\shankar\.m2\repository\org\slf4j\slf4j-api\1.7.30\slf4j-api-1.7.30.jar;C:\Users\shankar\.m2\repository\com\sun\activation\jakarta.activation\1.2.2\jakarta.activation-1.2.2.jar;C:\Users\shankar\.m2\repository\org\seleniumhq\selenium\selenium-safari-driver\4.0.0-beta-1\selenium-safari-driver-4.0.0-beta-1.jar;C:\Users\shankar\.m2\repository\org\seleniumhq\selenium\selenium-support\4.0.0-beta-1\selenium-support-4.0.0-beta-1.jar;C:\Users\shankar\.m2\repository\org\testng\testng\7.4.0\testng-7.4.0.jar;C:\Users\shankar\.m2\repository\com\beust\jcommander\1.78\jcommander-1.78.jar;C:\Users\shankar\.m2\repository\org\webjars\jquery\3.5.1\jquery-3.5.1.jar;"/>
    <property name="java.vm.vendor" value="Oracle Corporation"/>
    <property name="sun.arch.data.model" value="64"/>
    <property name="user.variant" value=""/>
    <property name="java.vendor.url" value="http://java.oracle.com/"/>
    <property name="user.timezone" value="Asia/Calcutta"/>
    <property name="java.vm.specification.version" value="1.8"/>
    <property name="os.name" value="Windows 7"/>
    <property name="user.country" value="IN"/>
    <property name="sun.java.launcher" value="SUN_STANDARD"/>
    <property name="sun.boot.library.path" value="E:\Rakesh\Java\jdk1.8.0_191\jre\bin"/>
    <property name="sun.java.command" value="C:\Users\shankar\AppData\Local\Temp\surefire8096786716286835093\surefirebooter7176937967510517730.jar C:\Users\shankar\AppData\Local\Temp\surefire8096786716286835093 2021-03-02T19-37-57_985-jvmRun1 surefire2445520360022317368tmp surefire_01421002674537277255tmp"/>
    <property name="surefire.test.class.path" value="C:\Users\shankar\Scratchtoend\target\test-classes;C:\Users\shankar\Scratchtoend\target\classes;C:\Users\shankar\.m2\repository\junit\junit\3.8.1\junit-3.8.1.jar;C:\Users\shankar\.m2\repository\org\seleniumhq\selenium\selenium-java\4.0.0-beta-1\selenium-java-4.0.0-beta-1.jar;C:\Users\shankar\.m2\repository\org\seleniumhq\selenium\selenium-api\4.0.0-beta-1\selenium-api-4.0.0-beta-1.jar;C:\Users\shankar\.m2\repository\org\seleniumhq\selenium\selenium-chrome-driver\4.0.0-beta-1\selenium-chrome-driver-4.0.0-beta-1.jar;C:\Users\shankar\.m2\repository\com\google\auto\service\auto-service-annotations\1.0-rc7\auto-service-annotations-1.0-rc7.jar;C:\Users\shankar\.m2\repository\com\google\auto\service\auto-service\1.0-rc7\auto-service-1.0-rc7.jar;C:\Users\shankar\.m2\repository\com\google\auto\auto-common\0.10\auto-common-0.10.jar;C:\Users\shankar\.m2\repository\com\google\guava\guava\30.1-jre\guava-30.1-jre.jar;C:\Users\shankar\.m2\repository\com\google\guava\failureaccess\1.0.1\failureaccess-1.0.1.jar;C:\Users\shankar\.m2\repository\com\google\guava\listenablefuture\9999.0-empty-to-avoid-conflict-with-guava\listenablefuture-9999.0-empty-to-avoid-conflict-with-guava.jar;C:\Users\shankar\.m2\repository\com\google\code\findbugs\jsr305\3.0.2\jsr305-3.0.2.jar;C:\Users\shankar\.m2\repository\org\checkerframework\checker-qual\3.5.0\checker-qual-3.5.0.jar;C:\Users\shankar\.m2\repository\com\google\errorprone\error_prone_annotations\2.3.4\error_prone_annotations-2.3.4.jar;C:\Users\shankar\.m2\repository\com\google\j2objc\j2objc-annotations\1.3\j2objc-annotations-1.3.jar;C:\Users\shankar\.m2\repository\org\seleniumhq\selenium\selenium-chromium-driver\4.0.0-beta-1\selenium-chromium-driver-4.0.0-beta-1.jar;C:\Users\shankar\.m2\repository\org\seleniumhq\selenium\selenium-devtools\4.0.0-beta-1\selenium-devtools-4.0.0-beta-1.jar;C:\Users\shankar\.m2\repository\org\seleniumhq\selenium\selenium-http\4.0.0-beta-1\selenium-http-4.0.0-beta-1.jar;C:\Users\shankar\.m2\repository\org\seleniumhq\selenium\selenium-json\4.0.0-beta-1\selenium-json-4.0.0-beta-1.jar;C:\Users\shankar\.m2\repository\org\seleniumhq\selenium\selenium-devtools-v86\4.0.0-beta-1\selenium-devtools-v86-4.0.0-beta-1.jar;C:\Users\shankar\.m2\repository\org\seleniumhq\selenium\selenium-devtools-v87\4.0.0-beta-1\selenium-devtools-v87-4.0.0-beta-1.jar;C:\Users\shankar\.m2\repository\org\seleniumhq\selenium\selenium-devtools-v88\4.0.0-beta-1\selenium-devtools-v88-4.0.0-beta-1.jar;C:\Users\shankar\.m2\repository\org\seleniumhq\selenium\selenium-devtools-v89\4.0.0-beta-1\selenium-devtools-v89-4.0.0-beta-1.jar;C:\Users\shankar\.m2\repository\org\seleniumhq\selenium\selenium-edge-driver\4.0.0-beta-1\selenium-edge-driver-4.0.0-beta-1.jar;C:\Users\shankar\.m2\repository\org\seleniumhq\selenium\selenium-firefox-driver\4.0.0-beta-1\selenium-firefox-driver-4.0.0-beta-1.jar;C:\Users\shankar\.m2\repository\org\seleniumhq\selenium\selenium-firefox-xpi-driver\4.0.0-beta-1\selenium-firefox-xpi-driver-4.0.0-beta-1.jar;C:\Users\shankar\.m2\repository\org\seleniumhq\selenium\selenium-ie-driver\4.0.0-beta-1\selenium-ie-driver-4.0.0-beta-1.jar;C:\Users\shankar\.m2\repository\org\seleniumhq\selenium\selenium-opera-driver\4.0.0-beta-1\selenium-opera-driver-4.0.0-beta-1.jar;C:\Users\shankar\.m2\repository\org\seleniumhq\selenium\selenium-remote-driver\4.0.0-beta-1\selenium-remote-driver-4.0.0-beta-1.jar;C:\Users\shankar\.m2\repository\io\netty\netty-buffer\4.1.58.Final\netty-buffer-4.1.58.Final.jar;C:\Users\shankar\.m2\repository\io\netty\netty-codec-http\4.1.58.Final\netty-codec-http-4.1.58.Final.jar;C:\Users\shankar\.m2\repository\io\netty\netty-codec\4.1.58.Final\netty-codec-4.1.58.Final.jar;C:\Users\shankar\.m2\repository\io\netty\netty-handler\4.1.58.Final\netty-handler-4.1.58.Final.jar;C:\Users\shankar\.m2\repository\io\netty\netty-common\4.1.58.Final\netty-common-4.1.58.Final.jar;C:\Users\shankar\.m2\repository\io\netty\netty-transport-native-epoll\4.1.58.Final\netty-transport-native-epoll-4.1.58.Final.jar;C:\Users\shankar\.m2\repository\io\netty\netty-transport-native-kqueue\4.1.58.Final\netty-transport-native-kqueue-4.1.58.Final.jar;C:\Users\shankar\.m2\repository\io\netty\netty-transport-native-unix-common\4.1.58.Final\netty-transport-native-unix-common-4.1.58.Final.jar;C:\Users\shankar\.m2\repository\io\netty\netty-transport\4.1.58.Final\netty-transport-4.1.58.Final.jar;C:\Users\shankar\.m2\repository\io\netty\netty-resolver\4.1.58.Final\netty-resolver-4.1.58.Final.jar;C:\Users\shankar\.m2\repository\io\opentelemetry\opentelemetry-api\0.14.1\opentelemetry-api-0.14.1.jar;C:\Users\shankar\.m2\repository\io\opentelemetry\opentelemetry-context\0.14.1\opentelemetry-context-0.14.1.jar;C:\Users\shankar\.m2\repository\io\opentelemetry\opentelemetry-exporter-logging\0.14.1\opentelemetry-exporter-logging-0.14.1.jar;C:\Users\shankar\.m2\repository\io\opentelemetry\opentelemetry-sdk-metrics\0.14.1-alpha\opentelemetry-sdk-metrics-0.14.1-alpha.jar;C:\Users\shankar\.m2\repository\io\opentelemetry\opentelemetry-sdk-common\0.14.1\opentelemetry-sdk-common-0.14.1.jar;C:\Users\shankar\.m2\repository\io\opentelemetry\opentelemetry-sdk-trace\0.14.1\opentelemetry-sdk-trace-0.14.1.jar;C:\Users\shankar\.m2\repository\io\opentelemetry\opentelemetry-api-metrics\0.14.1-alpha\opentelemetry-api-metrics-0.14.1-alpha.jar;C:\Users\shankar\.m2\repository\io\opentelemetry\opentelemetry-sdk\0.14.1\opentelemetry-sdk-0.14.1.jar;C:\Users\shankar\.m2\repository\io\opentelemetry\opentelemetry-semconv\0.14.1\opentelemetry-semconv-0.14.1.jar;C:\Users\shankar\.m2\repository\net\bytebuddy\byte-buddy\1.10.19\byte-buddy-1.10.19.jar;C:\Users\shankar\.m2\repository\org\apache\commons\commons-exec\1.3\commons-exec-1.3.jar;C:\Users\shankar\.m2\repository\org\asynchttpclient\async-http-client\2.12.2\async-http-client-2.12.2.jar;C:\Users\shankar\.m2\repository\org\asynchttpclient\async-http-client-netty-utils\2.12.2\async-http-client-netty-utils-2.12.2.jar;C:\Users\shankar\.m2\repository\io\netty\netty-codec-socks\4.1.53.Final\netty-codec-socks-4.1.53.Final.jar;C:\Users\shankar\.m2\repository\io\netty\netty-handler-proxy\4.1.53.Final\netty-handler-proxy-4.1.53.Final.jar;C:\Users\shankar\.m2\repository\io\netty\netty-transport-native-epoll\4.1.53.Final\netty-transport-native-epoll-4.1.53.Final-linux-x86_64.jar;C:\Users\shankar\.m2\repository\io\netty\netty-transport-native-kqueue\4.1.53.Final\netty-transport-native-kqueue-4.1.53.Final-osx-x86_64.jar;C:\Users\shankar\.m2\repository\org\reactivestreams\reactive-streams\1.0.3\reactive-streams-1.0.3.jar;C:\Users\shankar\.m2\repository\com\typesafe\netty\netty-reactive-streams\2.0.4\netty-reactive-streams-2.0.4.jar;C:\Users\shankar\.m2\repository\org\slf4j\slf4j-api\1.7.30\slf4j-api-1.7.30.jar;C:\Users\shankar\.m2\repository\com\sun\activation\jakarta.activation\1.2.2\jakarta.activation-1.2.2.jar;C:\Users\shankar\.m2\repository\org\seleniumhq\selenium\selenium-safari-driver\4.0.0-beta-1\selenium-safari-driver-4.0.0-beta-1.jar;C:\Users\shankar\.m2\repository\org\seleniumhq\selenium\selenium-support\4.0.0-beta-1\selenium-support-4.0.0-beta-1.jar;C:\Users\shankar\.m2\repository\org\testng\testng\7.4.0\testng-7.4.0.jar;C:\Users\shankar\.m2\repository\com\beust\jcommander\1.78\jcommander-1.78.jar;C:\Users\shankar\.m2\repository\org\webjars\jquery\3.5.1\jquery-3.5.1.jar;"/>
    <property name="sun.cpu.endian" value="little"/>
    <property name="user.home" value="C:\Users\shankar"/>
    <property name="user.language" value="en"/>
    <property name="java.specification.vendor" value="Oracle Corporation"/>
    <property name="java.home" value="E:\Rakesh\Java\jdk1.8.0_191\jre"/>
    <property name="basedir" value="C:\Users\shankar\Scratchtoend"/>
    <property name="file.separator" value="\"/>
    <property name="line.separator" value="&#10;"/>
    <property name="java.vm.specification.vendor" value="Oracle Corporation"/>
    <property name="java.specification.name" value="Java Platform API Specification"/>
    <property name="java.awt.graphicsenv" value="sun.awt.Win32GraphicsEnvironment"/>
    <property name="surefire.real.class.path" value="C:\Users\shankar\AppData\Local\Temp\surefire8096786716286835093\surefirebooter7176937967510517730.jar"/>
    <property name="sun.boot.class.path" value="E:\Rakesh\Java\jdk1.8.0_191\jre\lib\resources.jar;E:\Rakesh\Java\jdk1.8.0_191\jre\lib\rt.jar;E:\Rakesh\Java\jdk1.8.0_191\jre\lib\sunrsasign.jar;E:\Rakesh\Java\jdk1.8.0_191\jre\lib\jsse.jar;E:\Rakesh\Java\jdk1.8.0_191\jre\lib\jce.jar;E:\Rakesh\Java\jdk1.8.0_191\jre\lib\charsets.jar;E:\Rakesh\Java\jdk1.8.0_191\jre\lib\jfr.jar;E:\Rakesh\Java\jdk1.8.0_191\jre\classes"/>
    <property name="user.script" value=""/>
    <property name="sun.management.compiler" value="HotSpot 64-Bit Tiered Compilers"/>
    <property name="java.runtime.version" value="1.8.0_191-b12"/>
    <property name="user.name" value="shankar"/>
    <property name="path.separator" value=";"/>
    <property name="os.version" value="6.1"/>
    <property name="java.endorsed.dirs" value="E:\Rakesh\Java\jdk1.8.0_191\jre\lib\endorsed"/>
    <property name="java.runtime.name" value="Java(TM) SE Runtime Environment"/>
    <property name="file.encoding" value="Cp1252"/>
    <property name="sun.nio.ch.bugLevel" value=""/>
    <property name="java.vm.name" value="Java HotSpot(TM) 64-Bit Server VM"/>
    <property name="localRepository" value="C:\Users\shankar\.m2\repository"/>
    <property name="java.vendor.url.bug" value="http://bugreport.sun.com/bugreport/"/>
    <property name="java.io.tmpdir" value="C:\Users\shankar\AppData\Local\Temp\"/>
    <property name="java.version" value="1.8.0_191"/>
    <property name="user.dir" value="C:\Users\shankar\Scratchtoend"/>
    <property name="os.arch" value="amd64"/>
    <property name="java.vm.specification.name" value="Java Virtual Machine Specification"/>
    <property name="java.awt.printerjob" value="sun.awt.windows.WPrinterJob"/>
    <property name="sun.os.patch.level" value="Service Pack 1"/>
    <property name="java.library.path" value="E:\Rakesh\Java\jdk1.8.0_191\jre\bin;C:\Windows\Sun\Java\bin;C:\Windows\system32;C:\Windows;C:\Program Files (x86)\Common Files\Oracle\Java\javapath;C:\Program Files (x86)\Intel\iCLS Client\;C:\Program Files\Intel\iCLS Client\;C:\Windows\system32;C:\Windows;C:\Windows\System32\Wbem;C:\Windows\System32\WindowsPowerShell\v1.0\;C:\Program Files\Intel\WiFi\bin\;C:\Program Files\Common Files\Intel\WirelessCommon\;C:\Program Files\Intel\Intel(R) Management Engine Components\DAL;C:\Program Files\Intel\Intel(R) Management Engine Components\IPT;C:\Program Files (x86)\Intel\Intel(R) Management Engine Components\DAL;E:\Rakesh\Java\bin;C:\Program Files (x86)\Intel\Intel(R) Management Engine Components\IPT;C:\Program Files\nodejs\;C:\Users\shankar\AppData\Local\Anroid\Sdk\platform-tools;C:\Users\shankar\AppData\Local\Anroid\Sdk\tools\C:\Users\shankar\AppData\Local\Anroid\Sdk\tools\bin;C:\Program Files\Intel\WiFi\bin\;C:\Program Files\Common Files\Intel\WirelessCommon\;F:\apache-maven-3.6.1-bin\apache-maven-3.6.1\bin;C:\Users\shankar\AppData\Roaming\npm;."/>
    <property name="java.vm.info" value="mixed mode"/>
    <property name="java.vendor" value="Oracle Corporation"/>
    <property name="java.vm.version" value="25.191-b12"/>
    <property name="java.ext.dirs" value="E:\Rakesh\Java\jdk1.8.0_191\jre\lib\ext;C:\Windows\Sun\Java\lib\ext"/>
    <property name="sun.io.unicode.encoding" value="UnicodeLittle"/>
    <property name="java.class.version" value="52.0"/>
  </properties>
  <testcase name="basepagenavigation[abc@gmail.com, 12345](1)" classname="Acardemy.Validatepage" time="59.539">
    <system-err><![CDATA[SLF4J: Failed to load class "org.slf4j.impl.StaticLoggerBinder".
SLF4J: Defaulting to no-operation (NOP) logger implementation
SLF4J: See http://www.slf4j.org/codes.html#StaticLoggerBinder for further details.
Starting ChromeDriver 88.0.4324.96 (68dba2d8a0b149a1d3afac56fa74648032bcf46b-refs/branch-heads/4324@{#1784}) on port 31973
Only local connections are allowed.
Please see https://chromedriver.chromium.org/security-considerations for suggestions on keeping ChromeDriver safe.
ChromeDriver was started successfully.
Mar 02, 2021 7:38:36 PM org.openqa.selenium.remote.ProtocolHandshake createSession
INFO: Detected dialect: W3C
Mar 02, 2021 7:38:36 PM org.openqa.selenium.devtools.CdpVersionFinder findNearestMatch
INFO: Found exact CDP implementation for version 88
Starting ChromeDriver 88.0.4324.96 (68dba2d8a0b149a1d3afac56fa74648032bcf46b-refs/branch-heads/4324@{#1784}) on port 18665
Only local connections are allowed.
Please see https://chromedriver.chromium.org/security-considerations for suggestions on keeping ChromeDriver safe.
ChromeDriver was started successfully.
Mar 02, 2021 7:39:27 PM org.openqa.selenium.remote.ProtocolHandshake createSession
INFO: Detected dialect: W3C
Mar 02, 2021 7:39:27 PM org.openqa.selenium.devtools.CdpVersionFinder findNearestMatch
INFO: Found exact CDP implementation for version 88
]]></system-err>
  </testcase>
  <testcase name="basepagenavigation[cde@gmail.com, 8783](2)" classname="Acardemy.Validatepage" time="42.841">
    <system-err><![CDATA[Starting ChromeDriver 88.0.4324.96 (68dba2d8a0b149a1d3afac56fa74648032bcf46b-refs/branch-heads/4324@{#1784}) on port 25610
Only local connections are allowed.
Please see https://chromedriver.chromium.org/security-considerations for suggestions on keeping ChromeDriver safe.
ChromeDriver was started successfully.
Mar 02, 2021 7:40:14 PM org.openqa.selenium.remote.ProtocolHandshake createSession
INFO: Detected dialect: W3C
Mar 02, 2021 7:40:14 PM org.openqa.selenium.devtools.CdpVersionFinder findNearestMatch
INFO: Found exact CDP implementation for version 88
]]></system-err>
  </testcase>
  <testcase name="basepagenavigation" classname="Acardemy.Homepage" time="0.417"/>
</testsuite>