<?xml version="1.0" encoding="UTF-8"?>
<!-- Generated by org.testng.reporters.JUnitReportReporter -->
<testsuite skipped="0" hostname="shankar-PC" name="Acardemy.Validatepage" tests="2" failures="0" timestamp="2021-03-02T18:16:07 IST" time="92.048" errors="0">
  <testcase name="basepagenavigation" time="54.045" classname="Acardemy.Validatepage"/>
  <system-out/>
  <testcase name="basepagenavigation" time="38.003" classname="Acardemy.Validatepage"/>
  <system-out/>
</testsuite> <!-- Acardemy.Validatepage -->
