<?xml version="1.0" encoding="UTF-8"?>
<!-- Generated by org.testng.reporters.JUnitReportReporter -->
<testsuite skipped="0" hostname="shankar-PC" name="Acardemy.Homepage" tests="1" failures="0" timestamp="2021-03-02T18:05:00 IST" time="0.559" errors="0">
  <testcase name="basepagenavigation" time="0.559" classname="Acardemy.Homepage"/>
  <system-out/>
</testsuite> <!-- Acardemy.Homepage -->
