<?xml version="1.0" encoding="UTF-8"?>
<!-- Generated by org.testng.reporters.JUnitReportReporter -->
<testsuite skipped="0" hostname="shankar-PC" name="Acardemy.Validatepage" tests="2" failures="0" timestamp="2021-03-02T19:40:59 IST" time="102.394" errors="0">
  <testcase name="basepagenavigation" time="59.560" classname="Acardemy.Validatepage"/>
  <system-out/>
  <testcase name="basepagenavigation" time="42.834" classname="Acardemy.Validatepage"/>
  <system-out/>
</testsuite> <!-- Acardemy.Validatepage -->
