<?xml version="1.0" encoding="UTF-8"?>
<!-- Generated by org.testng.reporters.JUnitReportReporter -->
<testsuite skipped="0" hostname="shankar-PC" name="Acardemy.Homepage" tests="1" failures="0" timestamp="2021-03-02T19:40:59 IST" time="0.637" errors="0">
  <testcase name="basepagenavigation" time="0.637" classname="Acardemy.Homepage"/>
  <system-out/>
</testsuite> <!-- Acardemy.Homepage -->
